2025-03-03 22:50:35.5723 | INFO | Now listening on: https://localhost:7084 | 
2025-03-03 22:50:35.6364 | INFO | Now listening on: http://localhost:5110 | 
2025-03-03 22:50:35.7196 | INFO | Application started. Press Ctrl+C to shut down. | 
2025-03-03 22:50:35.7196 | INFO | Hosting environment: Development | 
2025-03-03 22:50:35.7548 | INFO | Content root path: C:\Users\astha\source\repos\HelloGreetingApplication\HelloGreetingApplication\ | 
2025-03-03 22:50:37.9715 | INFO | Request starting HTTP/2 GET https://localhost:7084/HelloGreeting - - | 
2025-03-03 22:50:38.4327 | INFO | Executing endpoint 'HelloGreetingApplication.Controllers.HelloGreetingController.Get (HelloGreetingApplication)' | 
2025-03-03 22:50:38.4523 | INFO | Route matched with {action = "Get", controller = "HelloGreeting"}. Executing controller action with signature Microsoft.AspNetCore.Mvc.IActionResult Get() on controller HelloGreetingApplication.Controllers.HelloGreetingController (HelloGreetingApplication). | 
2025-03-03 22:50:38.4523 | INFO | GET request received to fetch all records. | 
2025-03-03 22:50:38.4636 | INFO | Executing OkObjectResult, writing value of type 'ModelLayer.Model.ResponseModel`1[[System.Collections.Generic.Dictionary`2[[System.Int32, System.Private.CoreLib, Version=6.0.0.0, Culture=neutral, PublicKeyToken=7cec85d7bea7798e],[ModelLayer.Model.RequestModel, ModelLayer, Version=1.0.0.0, Culture=neutral, PublicKeyToken=null]], System.Private.CoreLib, Version=6.0.0.0, Culture=neutral, PublicKeyToken=7cec85d7bea7798e]]'. | 
2025-03-03 22:50:38.4954 | INFO | Executed action HelloGreetingApplication.Controllers.HelloGreetingController.Get (HelloGreetingApplication) in 35.1887ms | 
2025-03-03 22:50:38.4954 | INFO | Executed endpoint 'HelloGreetingApplication.Controllers.HelloGreetingController.Get (HelloGreetingApplication)' | 
2025-03-03 22:50:38.5665 | INFO | Request finished HTTP/2 GET https://localhost:7084/HelloGreeting - - - 200 - application/json;+charset=utf-8 610.9385ms | 
2025-03-03 22:51:33.0821 | INFO | Application is starting... | 
2025-03-03 22:51:36.1101 | INFO | Now listening on: https://localhost:7084 | 
2025-03-03 22:51:36.1101 | INFO | Now listening on: http://localhost:5110 | 
2025-03-03 22:51:36.1970 | INFO | Application started. Press Ctrl+C to shut down. | 
2025-03-03 22:51:36.1970 | INFO | Hosting environment: Development | 
2025-03-03 22:51:36.1970 | INFO | Content root path: C:\Users\astha\source\repos\HelloGreetingApplication\HelloGreetingApplication\ | 
2025-03-03 22:51:37.5039 | INFO | Request starting HTTP/2 GET https://localhost:7084/Swagger - - | 
2025-03-03 22:51:37.8366 | INFO | Request finished HTTP/2 GET https://localhost:7084/Swagger - - - 301 0 - 335.4738ms | 
2025-03-03 22:51:37.8638 | INFO | Request starting HTTP/2 GET https://localhost:7084/Swagger/index.html - - | 
2025-03-03 22:51:38.2631 | INFO | Request finished HTTP/2 GET https://localhost:7084/Swagger/index.html - - - 200 - text/html;charset=utf-8 404.1754ms | 
2025-03-03 22:51:38.3045 | INFO | Request starting HTTP/2 GET https://localhost:7084/Swagger/swagger-ui.css - - | 
2025-03-03 22:51:38.3045 | INFO | Request starting HTTP/2 GET https://localhost:7084/Swagger/index.css - - | 
2025-03-03 22:51:38.3197 | INFO | Request starting HTTP/2 GET https://localhost:7084/Swagger/swagger-ui-standalone-preset.js - - | 
2025-03-03 22:51:38.3197 | INFO | Request starting HTTP/2 GET https://localhost:7084/Swagger/swagger-ui-bundle.js - - | 
2025-03-03 22:51:38.3197 | INFO | Request starting HTTP/2 GET https://localhost:7084/Swagger/index.js - - | 
2025-03-03 22:51:38.3197 | INFO | Request finished HTTP/2 GET https://localhost:7084/Swagger/index.js - - - 200 - application/javascript;charset=utf-8 8.1445ms | 
2025-03-03 22:51:38.3197 | INFO | Request starting HTTP/2 GET https://localhost:7084/_framework/aspnetcore-browser-refresh.js - - | 
2025-03-03 22:51:38.3197 | INFO | Sending file. Request path: '/index.css'. Physical path: 'N/A' | 
2025-03-03 22:51:38.3631 | INFO | Request starting HTTP/2 GET https://localhost:7084/_vs/browserLink - - | 
2025-03-03 22:51:38.3867 | INFO | Request finished HTTP/2 GET https://localhost:7084/Swagger/index.css - - - 200 202 text/css 68.2250ms | 
2025-03-03 22:51:38.4010 | INFO | Request finished HTTP/2 GET https://localhost:7084/_framework/aspnetcore-browser-refresh.js - - - 200 12380 application/javascript;+charset=utf-8 70.2270ms | 
2025-03-03 22:51:38.4010 | INFO | Sending file. Request path: '/swagger-ui.css'. Physical path: 'N/A' | 
2025-03-03 22:51:38.4184 | INFO | Sending file. Request path: '/swagger-ui-standalone-preset.js'. Physical path: 'N/A' | 
2025-03-03 22:51:38.4184 | INFO | Request finished HTTP/2 GET https://localhost:7084/Swagger/swagger-ui.css - - - 200 154948 text/css 117.0223ms | 
2025-03-03 22:51:38.4184 | INFO | Request finished HTTP/2 GET https://localhost:7084/Swagger/swagger-ui-standalone-preset.js - - - 200 229223 application/javascript 105.8935ms | 
2025-03-03 22:51:38.5195 | INFO | Sending file. Request path: '/swagger-ui-bundle.js'. Physical path: 'N/A' | 
2025-03-03 22:51:38.5262 | INFO | Request finished HTTP/2 GET https://localhost:7084/Swagger/swagger-ui-bundle.js - - - 200 1466324 application/javascript 205.6609ms | 
2025-03-03 22:51:39.1368 | INFO | Request finished HTTP/2 GET https://localhost:7084/_vs/browserLink - - - 200 - text/javascript;+charset=UTF-8 773.6786ms | 
2025-03-03 22:51:39.4768 | INFO | Request starting HTTP/2 GET https://localhost:7084/Swagger/v1/swagger.json - - | 
2025-03-03 22:51:39.4961 | INFO | Request starting HTTP/2 GET https://localhost:7084/Swagger/favicon-32x32.png - - | 
2025-03-03 22:51:39.4961 | INFO | Sending file. Request path: '/favicon-32x32.png'. Physical path: 'N/A' | 
2025-03-03 22:51:39.5088 | INFO | Request finished HTTP/2 GET https://localhost:7084/Swagger/v1/swagger.json - - - 200 - application/json;charset=utf-8 32.0075ms | 
2025-03-03 22:51:39.5578 | INFO | Request finished HTTP/2 GET https://localhost:7084/Swagger/favicon-32x32.png - - - 200 628 image/png 60.7368ms | 
2025-03-03 22:56:00.2390 | INFO | Application is starting... | 
2025-03-03 22:56:01.7669 | INFO | Now listening on: https://localhost:7084 | 
2025-03-03 22:56:01.7669 | INFO | Now listening on: http://localhost:5110 | 
2025-03-03 22:56:01.9114 | INFO | Application started. Press Ctrl+C to shut down. | 
2025-03-03 22:56:01.9147 | INFO | Hosting environment: Development | 
2025-03-03 22:56:01.9147 | INFO | Content root path: C:\Users\astha\source\repos\HelloGreetingApplication\HelloGreetingApplication\ | 
2025-03-03 22:56:03.0073 | INFO | Request starting HTTP/2 GET https://localhost:7084/Swagger/index.html - - | 
2025-03-03 22:56:04.3147 | INFO | Request finished HTTP/2 GET https://localhost:7084/Swagger/index.html - - - 200 - text/html;charset=utf-8 1309.7655ms | 
2025-03-03 22:56:04.4047 | INFO | Request starting HTTP/2 GET https://localhost:7084/_framework/aspnetcore-browser-refresh.js - - | 
2025-03-03 22:56:04.4137 | INFO | Request starting HTTP/2 GET https://localhost:7084/Swagger/index.js - - | 
2025-03-03 22:56:04.4137 | INFO | Request starting HTTP/2 GET https://localhost:7084/_vs/browserLink - - | 
2025-03-03 22:56:04.4391 | INFO | Request finished HTTP/2 GET https://localhost:7084/Swagger/index.js - - - 200 - application/javascript;charset=utf-8 28.4292ms | 
2025-03-03 22:56:04.4480 | INFO | Request finished HTTP/2 GET https://localhost:7084/_framework/aspnetcore-browser-refresh.js - - - 200 12380 application/javascript;+charset=utf-8 43.2785ms | 
2025-03-03 22:56:04.9464 | INFO | Request finished HTTP/2 GET https://localhost:7084/_vs/browserLink - - - 200 - text/javascript;+charset=UTF-8 532.7562ms | 
2025-03-03 22:56:05.0636 | INFO | Request starting HTTP/2 GET https://localhost:7084/Swagger/v1/swagger.json - - | 
2025-03-03 22:56:05.0768 | INFO | Request finished HTTP/2 GET https://localhost:7084/Swagger/v1/swagger.json - - - 200 - application/json;charset=utf-8 13.1772ms | 
2025-03-04 10:50:49.4544 | INFO | Application is starting... | 
2025-03-04 10:50:52.0027 | INFO | Now listening on: https://localhost:7084 | 
2025-03-04 10:50:52.0411 | INFO | Now listening on: http://localhost:5110 | 
2025-03-04 10:50:52.2380 | INFO | Application started. Press Ctrl+C to shut down. | 
2025-03-04 10:50:52.2380 | INFO | Hosting environment: Development | 
2025-03-04 10:50:52.2380 | INFO | Content root path: C:\Users\astha\source\repos\HelloGreetingApplication\HelloGreetingApplication\ | 
2025-03-04 10:50:54.1988 | INFO | Request starting HTTP/2 GET https://localhost:7084/Swagger/index.html - - | 
2025-03-04 10:50:54.7510 | INFO | Request finished HTTP/2 GET https://localhost:7084/Swagger/index.html - - - 200 - text/html;charset=utf-8 553.8616ms | 
2025-03-04 10:50:54.7962 | INFO | Request starting HTTP/2 GET https://localhost:7084/Swagger/index.js - - | 
2025-03-04 10:50:54.7962 | INFO | Request starting HTTP/2 GET https://localhost:7084/Swagger/swagger-ui-bundle.js - - | 
2025-03-04 10:50:54.7962 | INFO | Request starting HTTP/2 GET https://localhost:7084/Swagger/swagger-ui-standalone-preset.js - - | 
2025-03-04 10:50:54.7962 | INFO | Request starting HTTP/2 GET https://localhost:7084/Swagger/index.css - - | 
2025-03-04 10:50:54.7962 | INFO | Request starting HTTP/2 GET https://localhost:7084/_framework/aspnetcore-browser-refresh.js - - | 
2025-03-04 10:50:54.7962 | INFO | Request finished HTTP/2 GET https://localhost:7084/Swagger/index.js - - - 200 - application/javascript;charset=utf-8 3.6404ms | 
2025-03-04 10:50:54.7962 | INFO | Request starting HTTP/2 GET https://localhost:7084/Swagger/swagger-ui.css - - | 
2025-03-04 10:50:54.8082 | INFO | The file /swagger-ui.css was not modified | 
2025-03-04 10:50:54.8082 | INFO | The file /swagger-ui-bundle.js was not modified | 
2025-03-04 10:50:54.8082 | INFO | The file /swagger-ui-standalone-preset.js was not modified | 
2025-03-04 10:50:54.8082 | INFO | The file /index.css was not modified | 
2025-03-04 10:50:54.8082 | INFO | Request finished HTTP/2 GET https://localhost:7084/_framework/aspnetcore-browser-refresh.js - - - 200 12380 application/javascript;+charset=utf-8 11.9594ms | 
2025-03-04 10:50:54.8082 | INFO | Request starting HTTP/2 GET https://localhost:7084/_vs/browserLink - - | 
2025-03-04 10:50:54.8082 | INFO | Request finished HTTP/2 GET https://localhost:7084/Swagger/swagger-ui-bundle.js - - - 304 - application/javascript 18.8653ms | 
2025-03-04 10:50:54.8082 | INFO | Request finished HTTP/2 GET https://localhost:7084/Swagger/swagger-ui.css - - - 304 - text/css 15.0490ms | 
2025-03-04 10:50:54.8082 | INFO | Request finished HTTP/2 GET https://localhost:7084/Swagger/index.css - - - 304 - text/css 18.8034ms | 
2025-03-04 10:50:54.8082 | INFO | Request finished HTTP/2 GET https://localhost:7084/Swagger/swagger-ui-standalone-preset.js - - - 304 - application/javascript 19.0985ms | 
2025-03-04 10:50:54.9782 | INFO | Request finished HTTP/2 GET https://localhost:7084/_vs/browserLink - - - 200 - text/javascript;+charset=UTF-8 169.4650ms | 
2025-03-04 10:50:55.0696 | INFO | Request starting HTTP/2 GET https://localhost:7084/Swagger/v1/swagger.json - - | 
2025-03-04 10:50:55.0701 | INFO | Request finished HTTP/2 GET https://localhost:7084/Swagger/v1/swagger.json - - - 200 - application/json;charset=utf-8 13.2354ms | 
2025-03-04 10:51:06.0404 | INFO | Request starting HTTP/2 GET https://localhost:7084/HelloGreeting/greeting - - | 
2025-03-04 10:51:06.0583 | INFO | Executing endpoint 'HelloGreetingApplication.Controllers.HelloGreetingController.GetGreeting (HelloGreetingApplication)' | 
2025-03-04 10:51:06.0755 | INFO | Route matched with {action = "GetGreeting", controller = "HelloGreeting"}. Executing controller action with signature Microsoft.AspNetCore.Mvc.IActionResult GetGreeting() on controller HelloGreetingApplication.Controllers.HelloGreetingController (HelloGreetingApplication). | 
2025-03-04 10:51:06.0755 | INFO | Fetching greeting message. | 
2025-03-04 10:51:06.0872 | INFO | Executing OkObjectResult, writing value of type 'ModelLayer.Model.ResponseModel`1[[System.String, System.Private.CoreLib, Version=6.0.0.0, Culture=neutral, PublicKeyToken=7cec85d7bea7798e]]'. | 
2025-03-04 10:51:06.0872 | INFO | Executed action HelloGreetingApplication.Controllers.HelloGreetingController.GetGreeting (HelloGreetingApplication) in 15.325ms | 
2025-03-04 10:51:06.0872 | INFO | Executed endpoint 'HelloGreetingApplication.Controllers.HelloGreetingController.GetGreeting (HelloGreetingApplication)' | 
2025-03-04 10:51:06.0872 | INFO | Request finished HTTP/2 GET https://localhost:7084/HelloGreeting/greeting - - - 200 - application/json;+charset=utf-8 56.1537ms | 
2025-03-04 11:42:45.2839 | INFO | Application is starting... | 
2025-03-04 11:42:48.4390 | INFO | Now listening on: https://localhost:7084 | 
2025-03-04 11:42:48.4445 | INFO | Now listening on: http://localhost:5110 | 
2025-03-04 11:42:48.5239 | INFO | Application started. Press Ctrl+C to shut down. | 
2025-03-04 11:42:48.5239 | INFO | Hosting environment: Development | 
2025-03-04 11:42:48.5239 | INFO | Content root path: C:\Users\astha\source\repos\HelloGreetingApplication\HelloGreetingApplication\ | 
2025-03-04 11:42:50.8284 | INFO | Request starting HTTP/2 GET https://localhost:7084/Swagger/index.html - - | 
2025-03-04 11:42:51.7239 | INFO | Request finished HTTP/2 GET https://localhost:7084/Swagger/index.html - - - 200 - text/html;charset=utf-8 899.8761ms | 
2025-03-04 11:42:51.8281 | INFO | Request starting HTTP/2 GET https://localhost:7084/_framework/aspnetcore-browser-refresh.js - - | 
2025-03-04 11:42:51.8281 | INFO | Request starting HTTP/2 GET https://localhost:7084/Swagger/index.js - - | 
2025-03-04 11:42:51.8281 | INFO | Request starting HTTP/2 GET https://localhost:7084/_vs/browserLink - - | 
2025-03-04 11:42:51.8281 | INFO | Request finished HTTP/2 GET https://localhost:7084/Swagger/index.js - - - 200 - application/javascript;charset=utf-8 5.1247ms | 
2025-03-04 11:42:51.8364 | INFO | Request finished HTTP/2 GET https://localhost:7084/_framework/aspnetcore-browser-refresh.js - - - 200 12380 application/javascript;+charset=utf-8 8.3480ms | 
2025-03-04 11:42:51.9613 | INFO | Request finished HTTP/2 GET https://localhost:7084/_vs/browserLink - - - 200 - text/javascript;+charset=UTF-8 133.1038ms | 
2025-03-04 11:42:52.0437 | INFO | Request starting HTTP/2 GET https://localhost:7084/Swagger/v1/swagger.json - - | 
2025-03-04 11:42:52.0571 | INFO | Request finished HTTP/2 GET https://localhost:7084/Swagger/v1/swagger.json - - - 200 - application/json;charset=utf-8 13.3342ms | 
2025-03-04 11:43:40.7043 | INFO | Request starting HTTP/2 GET https://localhost:7084/HelloGreeting/greet - - | 
2025-03-04 11:43:40.7302 | INFO | Executing endpoint 'HelloGreetingApplication.Controllers.HelloGreetingController.GetGreetings (HelloGreetingApplication)' | 
2025-03-04 11:43:40.7781 | INFO | Route matched with {action = "GetGreetings", controller = "HelloGreeting"}. Executing controller action with signature Microsoft.AspNetCore.Mvc.IActionResult GetGreetings(System.String, System.String) on controller HelloGreetingApplication.Controllers.HelloGreetingController (HelloGreetingApplication). | 
2025-03-04 11:43:40.8399 | INFO | Executing BadRequestObjectResult, writing value of type 'Microsoft.AspNetCore.Mvc.ValidationProblemDetails'. | 
2025-03-04 11:43:40.8561 | INFO | Executed action HelloGreetingApplication.Controllers.HelloGreetingController.GetGreetings (HelloGreetingApplication) in 69.7622ms | 
2025-03-04 11:43:40.8561 | INFO | Executed endpoint 'HelloGreetingApplication.Controllers.HelloGreetingController.GetGreetings (HelloGreetingApplication)' | 
2025-03-04 11:43:40.8561 | INFO | Request finished HTTP/2 GET https://localhost:7084/HelloGreeting/greet - - - 400 - application/problem+json;+charset=utf-8 150.3346ms | 
2025-03-04 11:44:02.2146 | INFO | Request starting HTTP/2 GET https://localhost:7084/HelloGreeting/greet?firstName=Astha&lastName=Singh - - | 
2025-03-04 11:44:02.2284 | INFO | Executing endpoint 'HelloGreetingApplication.Controllers.HelloGreetingController.GetGreetings (HelloGreetingApplication)' | 
2025-03-04 11:44:02.2284 | INFO | Route matched with {action = "GetGreetings", controller = "HelloGreeting"}. Executing controller action with signature Microsoft.AspNetCore.Mvc.IActionResult GetGreetings(System.String, System.String) on controller HelloGreetingApplication.Controllers.HelloGreetingController (HelloGreetingApplication). | 
2025-03-04 11:44:02.2422 | INFO | Generated Greeting: Hello,Astha Singh | 
2025-03-04 11:44:02.2422 | INFO | Executing OkObjectResult, writing value of type '<>f__AnonymousType0`3[[System.Boolean, System.Private.CoreLib, Version=6.0.0.0, Culture=neutral, PublicKeyToken=7cec85d7bea7798e],[System.String, System.Private.CoreLib, Version=6.0.0.0, Culture=neutral, PublicKeyToken=7cec85d7bea7798e],[System.String, System.Private.CoreLib, Version=6.0.0.0, Culture=neutral, PublicKeyToken=7cec85d7bea7798e]]'. | 
2025-03-04 11:44:02.2422 | INFO | Executed action HelloGreetingApplication.Controllers.HelloGreetingController.GetGreetings (HelloGreetingApplication) in 17.9479ms | 
2025-03-04 11:44:02.2422 | INFO | Executed endpoint 'HelloGreetingApplication.Controllers.HelloGreetingController.GetGreetings (HelloGreetingApplication)' | 
2025-03-04 11:44:02.2422 | INFO | Request finished HTTP/2 GET https://localhost:7084/HelloGreeting/greet?firstName=Astha&lastName=Singh - - - 200 - application/json;+charset=utf-8 31.5247ms | 
2025-03-04 11:44:09.8350 | INFO | Request starting HTTP/2 GET https://localhost:7084/HelloGreeting/greet?firstName=Astha - - | 
2025-03-04 11:44:09.8531 | INFO | Executing endpoint 'HelloGreetingApplication.Controllers.HelloGreetingController.GetGreetings (HelloGreetingApplication)' | 
2025-03-04 11:44:09.8531 | INFO | Route matched with {action = "GetGreetings", controller = "HelloGreeting"}. Executing controller action with signature Microsoft.AspNetCore.Mvc.IActionResult GetGreetings(System.String, System.String) on controller HelloGreetingApplication.Controllers.HelloGreetingController (HelloGreetingApplication). | 
2025-03-04 11:44:09.8531 | INFO | Executing BadRequestObjectResult, writing value of type 'Microsoft.AspNetCore.Mvc.ValidationProblemDetails'. | 
2025-03-04 11:44:09.8531 | INFO | Executed action HelloGreetingApplication.Controllers.HelloGreetingController.GetGreetings (HelloGreetingApplication) in 11.4828ms | 
2025-03-04 11:44:09.8531 | INFO | Executed endpoint 'HelloGreetingApplication.Controllers.HelloGreetingController.GetGreetings (HelloGreetingApplication)' | 
2025-03-04 11:44:09.8531 | INFO | Request finished HTTP/2 GET https://localhost:7084/HelloGreeting/greet?firstName=Astha - - - 400 - application/problem+json;+charset=utf-8 30.5386ms | 
2025-03-04 11:45:31.7652 | INFO | Application is starting... | 
2025-03-04 11:45:33.6944 | INFO | Now listening on: https://localhost:7084 | 
2025-03-04 11:45:33.7043 | INFO | Now listening on: http://localhost:5110 | 
2025-03-04 11:45:34.2972 | INFO | Application started. Press Ctrl+C to shut down. | 
2025-03-04 11:45:34.2972 | INFO | Hosting environment: Development | 
2025-03-04 11:45:34.3224 | INFO | Content root path: C:\Users\astha\source\repos\HelloGreetingApplication\HelloGreetingApplication\ | 
2025-03-04 11:45:34.9448 | INFO | Request starting HTTP/2 GET https://localhost:7084/Swagger/index.html - - | 
2025-03-04 11:45:35.6345 | INFO | Request finished HTTP/2 GET https://localhost:7084/Swagger/index.html - - - 200 - text/html;charset=utf-8 720.3888ms | 
2025-03-04 11:45:35.7026 | INFO | Request starting HTTP/2 GET https://localhost:7084/_vs/browserLink - - | 
2025-03-04 11:45:35.7026 | INFO | Request starting HTTP/2 GET https://localhost:7084/Swagger/index.js - - | 
2025-03-04 11:45:35.7026 | INFO | Request starting HTTP/2 GET https://localhost:7084/_framework/aspnetcore-browser-refresh.js - - | 
2025-03-04 11:45:35.7026 | INFO | Request finished HTTP/2 GET https://localhost:7084/Swagger/index.js - - - 200 - application/javascript;charset=utf-8 5.3739ms | 
2025-03-04 11:45:35.7133 | INFO | Request finished HTTP/2 GET https://localhost:7084/_framework/aspnetcore-browser-refresh.js - - - 200 12380 application/javascript;+charset=utf-8 10.3767ms | 
2025-03-04 11:45:36.0260 | INFO | Request finished HTTP/2 GET https://localhost:7084/_vs/browserLink - - - 200 - text/javascript;+charset=UTF-8 323.3343ms | 
2025-03-04 11:45:36.1901 | INFO | Request starting HTTP/2 GET https://localhost:7084/Swagger/v1/swagger.json - - | 
2025-03-04 11:45:36.2296 | INFO | Request finished HTTP/2 GET https://localhost:7084/Swagger/v1/swagger.json - - - 200 - application/json;charset=utf-8 39.4606ms | 
2025-03-04 11:45:48.0233 | INFO | Request starting HTTP/2 GET https://localhost:7084/HelloGreeting/greet - - | 
2025-03-04 11:45:48.0600 | INFO | Executing endpoint 'HelloGreetingApplication.Controllers.HelloGreetingController.GetGreetings (HelloGreetingApplication)' | 
2025-03-04 11:45:48.1099 | INFO | Route matched with {action = "GetGreetings", controller = "HelloGreeting"}. Executing controller action with signature Microsoft.AspNetCore.Mvc.IActionResult GetGreetings(System.String, System.String) on controller HelloGreetingApplication.Controllers.HelloGreetingController (HelloGreetingApplication). | 
2025-03-04 11:45:48.1649 | INFO | Executing BadRequestObjectResult, writing value of type 'Microsoft.AspNetCore.Mvc.ValidationProblemDetails'. | 
2025-03-04 11:45:48.1836 | INFO | Executed action HelloGreetingApplication.Controllers.HelloGreetingController.GetGreetings (HelloGreetingApplication) in 66.6975ms | 
2025-03-04 11:45:48.1836 | INFO | Executed endpoint 'HelloGreetingApplication.Controllers.HelloGreetingController.GetGreetings (HelloGreetingApplication)' | 
2025-03-04 11:45:48.1836 | INFO | Request finished HTTP/2 GET https://localhost:7084/HelloGreeting/greet - - - 400 - application/problem+json;+charset=utf-8 151.9414ms | 
2025-03-04 11:45:57.9017 | INFO | Request starting HTTP/2 GET https://localhost:7084/HelloGreeting/greet?firstName=Astha - - | 
2025-03-04 11:45:57.9017 | INFO | Executing endpoint 'HelloGreetingApplication.Controllers.HelloGreetingController.GetGreetings (HelloGreetingApplication)' | 
2025-03-04 11:45:57.9017 | INFO | Route matched with {action = "GetGreetings", controller = "HelloGreeting"}. Executing controller action with signature Microsoft.AspNetCore.Mvc.IActionResult GetGreetings(System.String, System.String) on controller HelloGreetingApplication.Controllers.HelloGreetingController (HelloGreetingApplication). | 
2025-03-04 11:45:57.9176 | INFO | Executing BadRequestObjectResult, writing value of type 'Microsoft.AspNetCore.Mvc.ValidationProblemDetails'. | 
2025-03-04 11:45:57.9176 | INFO | Executed action HelloGreetingApplication.Controllers.HelloGreetingController.GetGreetings (HelloGreetingApplication) in 16.3394ms | 
2025-03-04 11:45:57.9176 | INFO | Executed endpoint 'HelloGreetingApplication.Controllers.HelloGreetingController.GetGreetings (HelloGreetingApplication)' | 
2025-03-04 11:45:57.9176 | INFO | Request finished HTTP/2 GET https://localhost:7084/HelloGreeting/greet?firstName=Astha - - - 400 - application/problem+json;+charset=utf-8 20.6738ms | 
2025-03-04 11:46:58.0601 | INFO | Application is starting... | 
2025-03-04 11:47:00.0670 | INFO | Now listening on: https://localhost:7084 | 
2025-03-04 11:47:00.0701 | INFO | Now listening on: http://localhost:5110 | 
2025-03-04 11:47:00.1527 | INFO | Application started. Press Ctrl+C to shut down. | 
2025-03-04 11:47:00.1527 | INFO | Hosting environment: Development | 
2025-03-04 11:47:00.1527 | INFO | Content root path: C:\Users\astha\source\repos\HelloGreetingApplication\HelloGreetingApplication\ | 
2025-03-04 11:47:01.4158 | INFO | Request starting HTTP/2 GET https://localhost:7084/Swagger/index.html - - | 
2025-03-04 11:47:02.1605 | INFO | Request starting HTTP/2 GET https://localhost:7084/Swagger/index.js - - | 
2025-03-04 11:47:02.1605 | INFO | Request starting HTTP/2 GET https://localhost:7084/_framework/aspnetcore-browser-refresh.js - - | 
2025-03-04 11:47:02.1605 | INFO | Request starting HTTP/2 GET https://localhost:7084/_vs/browserLink - - | 
2025-03-04 11:47:02.1605 | INFO | Request finished HTTP/2 GET https://localhost:7084/Swagger/index.html - - - 200 - text/html;charset=utf-8 701.4292ms | 
2025-03-04 11:47:02.1816 | INFO | Request finished HTTP/2 GET https://localhost:7084/_framework/aspnetcore-browser-refresh.js - - - 200 12380 application/javascript;+charset=utf-8 20.6189ms | 
2025-03-04 11:47:02.2076 | INFO | Request finished HTTP/2 GET https://localhost:7084/Swagger/index.js - - - 200 - application/javascript;charset=utf-8 47.1185ms | 
2025-03-04 11:47:02.5412 | INFO | Request finished HTTP/2 GET https://localhost:7084/_vs/browserLink - - - 200 - text/javascript;+charset=UTF-8 379.9348ms | 
2025-03-04 11:47:02.7054 | INFO | Request starting HTTP/2 GET https://localhost:7084/Swagger/v1/swagger.json - - | 
2025-03-04 11:47:02.7224 | INFO | Request finished HTTP/2 GET https://localhost:7084/Swagger/v1/swagger.json - - - 200 - application/json;charset=utf-8 16.9052ms | 
2025-03-04 11:47:11.9173 | INFO | Request starting HTTP/2 GET https://localhost:7084/HelloGreeting/greet - - | 
2025-03-04 11:47:11.9457 | INFO | Executing endpoint 'HelloGreetingApplication.Controllers.HelloGreetingController.GetGreetings (HelloGreetingApplication)' | 
2025-03-04 11:47:11.9915 | INFO | Route matched with {action = "GetGreetings", controller = "HelloGreeting"}. Executing controller action with signature Microsoft.AspNetCore.Mvc.IActionResult GetGreetings(System.String, System.String) on controller HelloGreetingApplication.Controllers.HelloGreetingController (HelloGreetingApplication). | 
2025-03-04 11:47:12.0386 | INFO | Executing BadRequestObjectResult, writing value of type 'Microsoft.AspNetCore.Mvc.ValidationProblemDetails'. | 
2025-03-04 11:47:12.0653 | INFO | Executed action HelloGreetingApplication.Controllers.HelloGreetingController.GetGreetings (HelloGreetingApplication) in 61.6573ms | 
2025-03-04 11:47:12.0653 | INFO | Executed endpoint 'HelloGreetingApplication.Controllers.HelloGreetingController.GetGreetings (HelloGreetingApplication)' | 
2025-03-04 11:47:12.0653 | INFO | Request finished HTTP/2 GET https://localhost:7084/HelloGreeting/greet - - - 400 - application/problem+json;+charset=utf-8 142.1909ms | 
2025-03-04 11:55:03.9150 | INFO | Request starting HTTP/2 GET https://localhost:7084/HelloGreeting/greet - - | 
2025-03-04 11:55:03.9932 | INFO | Executing endpoint 'HelloGreetingApplication.Controllers.HelloGreetingController.GetGreetings (HelloGreetingApplication)' | 
2025-03-04 11:55:04.0098 | INFO | Route matched with {action = "GetGreetings", controller = "HelloGreeting"}. Executing controller action with signature Microsoft.AspNetCore.Mvc.IActionResult GetGreetings(System.String, System.String) on controller HelloGreetingApplication.Controllers.HelloGreetingController (HelloGreetingApplication). | 
2025-03-04 11:55:04.0236 | INFO | Executing BadRequestObjectResult, writing value of type 'Microsoft.AspNetCore.Mvc.ValidationProblemDetails'. | 
2025-03-04 11:55:04.0455 | INFO | Executed action HelloGreetingApplication.Controllers.HelloGreetingController.GetGreetings (HelloGreetingApplication) in 32.0199ms | 
2025-03-04 11:55:04.0455 | INFO | Executed endpoint 'HelloGreetingApplication.Controllers.HelloGreetingController.GetGreetings (HelloGreetingApplication)' | 
2025-03-04 11:55:04.0455 | INFO | Request finished HTTP/2 GET https://localhost:7084/HelloGreeting/greet - - - 400 - application/problem+json;+charset=utf-8 132.3988ms | 
2025-03-04 12:01:32.0631 | INFO | Application is starting... | 
2025-03-04 12:01:33.5168 | INFO | Now listening on: https://localhost:7084 | 
2025-03-04 12:01:33.5168 | INFO | Now listening on: http://localhost:5110 | 
2025-03-04 12:01:33.5715 | INFO | Application started. Press Ctrl+C to shut down. | 
2025-03-04 12:01:33.5715 | INFO | Hosting environment: Development | 
2025-03-04 12:01:33.5715 | INFO | Content root path: C:\Users\astha\source\repos\HelloGreetingApplication\HelloGreetingApplication\ | 
2025-03-04 12:01:34.7969 | INFO | Request starting HTTP/2 GET https://localhost:7084/Swagger/index.html - - | 
2025-03-04 12:01:35.1849 | INFO | Request finished HTTP/2 GET https://localhost:7084/Swagger/index.html - - - 200 - text/html;charset=utf-8 389.2900ms | 
2025-03-04 12:01:35.2400 | INFO | Request starting HTTP/2 GET https://localhost:7084/_framework/aspnetcore-browser-refresh.js - - | 
2025-03-04 12:01:35.2400 | INFO | Request starting HTTP/2 GET https://localhost:7084/Swagger/index.js - - | 
2025-03-04 12:01:35.2425 | INFO | Request starting HTTP/2 GET https://localhost:7084/_vs/browserLink - - | 
2025-03-04 12:01:35.2425 | INFO | Request finished HTTP/2 GET https://localhost:7084/Swagger/index.js - - - 200 - application/javascript;charset=utf-8 5.2819ms | 
2025-03-04 12:01:35.2633 | INFO | Request finished HTTP/2 GET https://localhost:7084/_framework/aspnetcore-browser-refresh.js - - - 200 12380 application/javascript;+charset=utf-8 23.3391ms | 
2025-03-04 12:01:35.3316 | INFO | Request finished HTTP/2 GET https://localhost:7084/_vs/browserLink - - - 200 - text/javascript;+charset=UTF-8 89.0367ms | 
2025-03-04 12:01:35.3960 | INFO | Request starting HTTP/2 GET https://localhost:7084/Swagger/v1/swagger.json - - | 
2025-03-04 12:01:35.3976 | INFO | Request finished HTTP/2 GET https://localhost:7084/Swagger/v1/swagger.json - - - 200 - application/json;charset=utf-8 13.3117ms | 
2025-03-04 12:03:53.5795 | INFO | Application is starting... | 
2025-03-04 12:03:55.2772 | INFO | Now listening on: https://localhost:7084 | 
2025-03-04 12:03:55.2772 | INFO | Now listening on: http://localhost:5110 | 
2025-03-04 12:03:55.3445 | INFO | Application started. Press Ctrl+C to shut down. | 
2025-03-04 12:03:55.3445 | INFO | Hosting environment: Development | 
2025-03-04 12:03:55.3513 | INFO | Content root path: C:\Users\astha\source\repos\HelloGreetingApplication\HelloGreetingApplication\ | 
2025-03-04 12:03:56.1625 | INFO | Request starting HTTP/2 GET https://localhost:7084/Swagger/index.html - - | 
2025-03-04 12:03:56.6857 | INFO | Request finished HTTP/2 GET https://localhost:7084/Swagger/index.html - - - 200 - text/html;charset=utf-8 525.8637ms | 
2025-03-04 12:03:57.2104 | INFO | Request starting HTTP/2 GET https://localhost:7084/_framework/aspnetcore-browser-refresh.js - - | 
2025-03-04 12:03:57.2104 | INFO | Request starting HTTP/2 GET https://localhost:7084/Swagger/index.js - - | 
2025-03-04 12:03:57.2104 | INFO | Request starting HTTP/2 GET https://localhost:7084/_vs/browserLink - - | 
2025-03-04 12:03:57.2277 | INFO | Request finished HTTP/2 GET https://localhost:7084/Swagger/index.js - - - 200 - application/javascript;charset=utf-8 28.5465ms | 
2025-03-04 12:03:57.2435 | INFO | Request finished HTTP/2 GET https://localhost:7084/_framework/aspnetcore-browser-refresh.js - - - 200 12380 application/javascript;+charset=utf-8 33.1498ms | 
2025-03-04 12:03:57.4201 | INFO | Request finished HTTP/2 GET https://localhost:7084/_vs/browserLink - - - 200 - text/javascript;+charset=UTF-8 207.0607ms | 
2025-03-04 12:03:57.5383 | INFO | Request starting HTTP/2 GET https://localhost:7084/Swagger/v1/swagger.json - - | 
2025-03-04 12:03:57.5397 | INFO | Request finished HTTP/2 GET https://localhost:7084/Swagger/v1/swagger.json - - - 200 - application/json;charset=utf-8 15.4455ms | 
2025-03-04 12:04:07.0572 | INFO | Request starting HTTP/2 GET https://localhost:7084/HelloGreeting/greet - - | 
2025-03-04 12:04:07.0941 | INFO | Executing endpoint 'HelloGreetingApplication.Controllers.HelloGreetingController.GetGreeting (HelloGreetingApplication)' | 
2025-03-04 12:04:07.1402 | INFO | Route matched with {action = "GetGreeting", controller = "HelloGreeting"}. Executing controller action with signature Microsoft.AspNetCore.Mvc.IActionResult GetGreeting(System.String, System.String) on controller HelloGreetingApplication.Controllers.HelloGreetingController (HelloGreetingApplication). | 
2025-03-04 12:04:07.1637 | INFO | Executing OkObjectResult, writing value of type '<>f__AnonymousType0`3[[System.Boolean, System.Private.CoreLib, Version=6.0.0.0, Culture=neutral, PublicKeyToken=7cec85d7bea7798e],[System.String, System.Private.CoreLib, Version=6.0.0.0, Culture=neutral, PublicKeyToken=7cec85d7bea7798e],[System.String, System.Private.CoreLib, Version=6.0.0.0, Culture=neutral, PublicKeyToken=7cec85d7bea7798e]]'. | 
2025-03-04 12:04:07.1798 | INFO | Executed action HelloGreetingApplication.Controllers.HelloGreetingController.GetGreeting (HelloGreetingApplication) in 32.4388ms | 
2025-03-04 12:04:07.1798 | INFO | Executed endpoint 'HelloGreetingApplication.Controllers.HelloGreetingController.GetGreeting (HelloGreetingApplication)' | 
2025-03-04 12:04:07.1798 | INFO | Request finished HTTP/2 GET https://localhost:7084/HelloGreeting/greet - - - 200 - application/json;+charset=utf-8 122.4450ms | 
2025-03-04 12:04:16.1657 | INFO | Request starting HTTP/2 GET https://localhost:7084/HelloGreeting/greet?firstName=Astha - - | 
2025-03-04 12:04:16.1657 | INFO | Executing endpoint 'HelloGreetingApplication.Controllers.HelloGreetingController.GetGreeting (HelloGreetingApplication)' | 
2025-03-04 12:04:16.1657 | INFO | Route matched with {action = "GetGreeting", controller = "HelloGreeting"}. Executing controller action with signature Microsoft.AspNetCore.Mvc.IActionResult GetGreeting(System.String, System.String) on controller HelloGreetingApplication.Controllers.HelloGreetingController (HelloGreetingApplication). | 
2025-03-04 12:04:16.1832 | INFO | Executing OkObjectResult, writing value of type '<>f__AnonymousType0`3[[System.Boolean, System.Private.CoreLib, Version=6.0.0.0, Culture=neutral, PublicKeyToken=7cec85d7bea7798e],[System.String, System.Private.CoreLib, Version=6.0.0.0, Culture=neutral, PublicKeyToken=7cec85d7bea7798e],[System.String, System.Private.CoreLib, Version=6.0.0.0, Culture=neutral, PublicKeyToken=7cec85d7bea7798e]]'. | 
2025-03-04 12:04:16.1832 | INFO | Executed action HelloGreetingApplication.Controllers.HelloGreetingController.GetGreeting (HelloGreetingApplication) in 11.9562ms | 
2025-03-04 12:04:16.1832 | INFO | Executed endpoint 'HelloGreetingApplication.Controllers.HelloGreetingController.GetGreeting (HelloGreetingApplication)' | 
2025-03-04 12:04:16.1832 | INFO | Request finished HTTP/2 GET https://localhost:7084/HelloGreeting/greet?firstName=Astha - - - 200 - application/json;+charset=utf-8 15.9429ms | 
2025-03-04 12:04:22.5107 | INFO | Request starting HTTP/2 GET https://localhost:7084/HelloGreeting/greet?firstName=Astha&lastName=Singh - - | 
2025-03-04 12:04:22.5107 | INFO | Executing endpoint 'HelloGreetingApplication.Controllers.HelloGreetingController.GetGreeting (HelloGreetingApplication)' | 
2025-03-04 12:04:22.5107 | INFO | Route matched with {action = "GetGreeting", controller = "HelloGreeting"}. Executing controller action with signature Microsoft.AspNetCore.Mvc.IActionResult GetGreeting(System.String, System.String) on controller HelloGreetingApplication.Controllers.HelloGreetingController (HelloGreetingApplication). | 
2025-03-04 12:04:22.5107 | INFO | Executing OkObjectResult, writing value of type '<>f__AnonymousType0`3[[System.Boolean, System.Private.CoreLib, Version=6.0.0.0, Culture=neutral, PublicKeyToken=7cec85d7bea7798e],[System.String, System.Private.CoreLib, Version=6.0.0.0, Culture=neutral, PublicKeyToken=7cec85d7bea7798e],[System.String, System.Private.CoreLib, Version=6.0.0.0, Culture=neutral, PublicKeyToken=7cec85d7bea7798e]]'. | 
2025-03-04 12:04:22.5107 | INFO | Executed action HelloGreetingApplication.Controllers.HelloGreetingController.GetGreeting (HelloGreetingApplication) in 5.0497ms | 
2025-03-04 12:04:22.5107 | INFO | Executed endpoint 'HelloGreetingApplication.Controllers.HelloGreetingController.GetGreeting (HelloGreetingApplication)' | 
2025-03-04 12:04:22.5107 | INFO | Request finished HTTP/2 GET https://localhost:7084/HelloGreeting/greet?firstName=Astha&lastName=Singh - - - 200 - application/json;+charset=utf-8 9.2170ms | 
2025-03-04 12:06:26.1033 | INFO | Application is starting... | 
2025-03-04 12:06:28.6706 | INFO | Now listening on: https://localhost:7084 | 
2025-03-04 12:06:28.6706 | INFO | Now listening on: http://localhost:5110 | 
2025-03-04 12:06:28.9841 | INFO | Application started. Press Ctrl+C to shut down. | 
2025-03-04 12:06:28.9841 | INFO | Hosting environment: Development | 
2025-03-04 12:06:28.9841 | INFO | Content root path: C:\Users\astha\source\repos\HelloGreetingApplication\HelloGreetingApplication\ | 
2025-03-04 12:06:30.2771 | INFO | Request starting HTTP/2 GET https://localhost:7084/Swagger/index.html - - | 
2025-03-04 12:06:30.9454 | INFO | Request finished HTTP/2 GET https://localhost:7084/Swagger/index.html - - - 200 - text/html;charset=utf-8 666.4785ms | 
2025-03-04 12:06:31.0144 | INFO | Request starting HTTP/2 GET https://localhost:7084/_framework/aspnetcore-browser-refresh.js - - | 
2025-03-04 12:06:31.0144 | INFO | Request starting HTTP/2 GET https://localhost:7084/Swagger/index.js - - | 
2025-03-04 12:06:31.0238 | INFO | Request starting HTTP/2 GET https://localhost:7084/_vs/browserLink - - | 
2025-03-04 12:06:31.0238 | INFO | Request finished HTTP/2 GET https://localhost:7084/_framework/aspnetcore-browser-refresh.js - - - 200 12380 application/javascript;+charset=utf-8 15.9450ms | 
2025-03-04 12:06:31.0413 | INFO | Request finished HTTP/2 GET https://localhost:7084/Swagger/index.js - - - 200 - application/javascript;charset=utf-8 19.5085ms | 
2025-03-04 12:06:31.1481 | INFO | Request finished HTTP/2 GET https://localhost:7084/_vs/browserLink - - - 200 - text/javascript;+charset=UTF-8 124.2241ms | 
2025-03-04 12:06:31.2111 | INFO | Request starting HTTP/2 GET https://localhost:7084/Swagger/v1/swagger.json - - | 
2025-03-04 12:06:31.2111 | INFO | Request finished HTTP/2 GET https://localhost:7084/Swagger/v1/swagger.json - - - 200 - application/json;charset=utf-8 10.5548ms | 
2025-03-04 12:06:38.5075 | INFO | Request starting HTTP/2 GET https://localhost:7084/HelloGreeting/greet - - | 
2025-03-04 12:06:38.5258 | INFO | Executing endpoint 'HelloGreetingApplication.Controllers.HelloGreetingController.GetGreeting (HelloGreetingApplication)' | 
2025-03-04 12:06:38.5543 | INFO | Route matched with {action = "GetGreeting", controller = "HelloGreeting"}. Executing controller action with signature Microsoft.AspNetCore.Mvc.IActionResult GetGreeting(System.String, System.String) on controller HelloGreetingApplication.Controllers.HelloGreetingController (HelloGreetingApplication). | 
2025-03-04 12:06:38.5877 | INFO | Executing OkObjectResult, writing value of type '<>f__AnonymousType0`3[[System.Boolean, System.Private.CoreLib, Version=6.0.0.0, Culture=neutral, PublicKeyToken=7cec85d7bea7798e],[System.String, System.Private.CoreLib, Version=6.0.0.0, Culture=neutral, PublicKeyToken=7cec85d7bea7798e],[System.String, System.Private.CoreLib, Version=6.0.0.0, Culture=neutral, PublicKeyToken=7cec85d7bea7798e]]'. | 
2025-03-04 12:06:38.5877 | INFO | Executed action HelloGreetingApplication.Controllers.HelloGreetingController.GetGreeting (HelloGreetingApplication) in 37.0264ms | 
2025-03-04 12:06:38.5877 | INFO | Executed endpoint 'HelloGreetingApplication.Controllers.HelloGreetingController.GetGreeting (HelloGreetingApplication)' | 
2025-03-04 12:06:38.5877 | INFO | Request finished HTTP/2 GET https://localhost:7084/HelloGreeting/greet - - - 200 - application/json;+charset=utf-8 89.7048ms | 
2025-03-04 12:06:47.1955 | INFO | Request starting HTTP/2 GET https://localhost:7084/HelloGreeting/greet?lastName=Jadon - - | 
2025-03-04 12:06:47.1955 | INFO | Executing endpoint 'HelloGreetingApplication.Controllers.HelloGreetingController.GetGreeting (HelloGreetingApplication)' | 
2025-03-04 12:06:47.1955 | INFO | Route matched with {action = "GetGreeting", controller = "HelloGreeting"}. Executing controller action with signature Microsoft.AspNetCore.Mvc.IActionResult GetGreeting(System.String, System.String) on controller HelloGreetingApplication.Controllers.HelloGreetingController (HelloGreetingApplication). | 
2025-03-04 12:06:47.2160 | INFO | Executing OkObjectResult, writing value of type '<>f__AnonymousType0`3[[System.Boolean, System.Private.CoreLib, Version=6.0.0.0, Culture=neutral, PublicKeyToken=7cec85d7bea7798e],[System.String, System.Private.CoreLib, Version=6.0.0.0, Culture=neutral, PublicKeyToken=7cec85d7bea7798e],[System.String, System.Private.CoreLib, Version=6.0.0.0, Culture=neutral, PublicKeyToken=7cec85d7bea7798e]]'. | 
2025-03-04 12:06:47.2160 | INFO | Executed action HelloGreetingApplication.Controllers.HelloGreetingController.GetGreeting (HelloGreetingApplication) in 20.5985ms | 
2025-03-04 12:06:47.2160 | INFO | Executed endpoint 'HelloGreetingApplication.Controllers.HelloGreetingController.GetGreeting (HelloGreetingApplication)' | 
2025-03-04 12:06:47.2160 | INFO | Request finished HTTP/2 GET https://localhost:7084/HelloGreeting/greet?lastName=Jadon - - - 200 - application/json;+charset=utf-8 26.0155ms | 
2025-03-04 12:36:07.8063 | INFO | Application is starting... | 
2025-03-04 12:36:09.6894 | INFO | Now listening on: https://localhost:7084 | 
2025-03-04 12:36:09.6894 | INFO | Now listening on: http://localhost:5110 | 
2025-03-04 12:36:09.8180 | INFO | Application started. Press Ctrl+C to shut down. | 
2025-03-04 12:36:09.8335 | INFO | Hosting environment: Development | 
2025-03-04 12:36:09.8364 | INFO | Content root path: C:\Users\astha\source\repos\HelloGreetingApplication\HelloGreetingApplication\ | 
2025-03-04 12:36:11.2148 | INFO | Request starting HTTP/2 GET https://localhost:7084/Swagger/index.html - - | 
2025-03-04 12:36:11.8560 | INFO | Request finished HTTP/2 GET https://localhost:7084/Swagger/index.html - - - 200 - text/html;charset=utf-8 643.4706ms | 
2025-03-04 12:36:11.9862 | INFO | Request starting HTTP/2 GET https://localhost:7084/_framework/aspnetcore-browser-refresh.js - - | 
2025-03-04 12:36:11.9998 | INFO | Request starting HTTP/2 GET https://localhost:7084/_vs/browserLink - - | 
2025-03-04 12:36:11.9998 | INFO | Request starting HTTP/2 GET https://localhost:7084/Swagger/index.js - - | 
2025-03-04 12:36:11.9998 | INFO | Request finished HTTP/2 GET https://localhost:7084/Swagger/index.js - - - 200 - application/javascript;charset=utf-8 6.0362ms | 
2025-03-04 12:36:12.1654 | INFO | Request finished HTTP/2 GET https://localhost:7084/_framework/aspnetcore-browser-refresh.js - - - 200 12380 application/javascript;+charset=utf-8 179.2297ms | 
2025-03-04 12:36:12.2491 | INFO | Request finished HTTP/2 GET https://localhost:7084/_vs/browserLink - - - 200 - text/javascript;+charset=UTF-8 249.3250ms | 
2025-03-04 12:36:12.3091 | INFO | Request starting HTTP/2 GET https://localhost:7084/Swagger/v1/swagger.json - - | 
2025-03-04 12:36:12.3221 | INFO | Request finished HTTP/2 GET https://localhost:7084/Swagger/v1/swagger.json - - - 200 - application/json;charset=utf-8 12.9107ms | 
2025-03-04 12:36:27.0780 | INFO | Request starting HTTP/2 POST https://localhost:7084/HelloGreeting application/json 42 | 
2025-03-04 12:36:27.1052 | INFO | Executing endpoint 'HelloGreetingApplication.Controllers.HelloGreetingController.Post (HelloGreetingApplication)' | 
2025-03-04 12:36:27.1687 | INFO | Route matched with {action = "Post", controller = "HelloGreeting"}. Executing controller action with signature Microsoft.AspNetCore.Mvc.IActionResult Post(ModelLayer.Model.RequestModel) on controller HelloGreetingApplication.Controllers.HelloGreetingController (HelloGreetingApplication). | 
2025-03-04 12:36:27.2297 | INFO | New record added: ID=4, Key=string, Value=string | 
2025-03-04 12:36:27.2297 | INFO | Executing CreatedResult, writing value of type 'ModelLayer.Model.ResponseModel`1[[System.String, System.Private.CoreLib, Version=6.0.0.0, Culture=neutral, PublicKeyToken=7cec85d7bea7798e]]'. | 
2025-03-04 12:36:27.2496 | INFO | Executed action HelloGreetingApplication.Controllers.HelloGreetingController.Post (HelloGreetingApplication) in 72.8756ms | 
2025-03-04 12:36:27.2496 | INFO | Executed endpoint 'HelloGreetingApplication.Controllers.HelloGreetingController.Post (HelloGreetingApplication)' | 
2025-03-04 12:36:27.2496 | INFO | Request finished HTTP/2 POST https://localhost:7084/HelloGreeting application/json 42 - 201 - application/json;+charset=utf-8 167.2305ms | 
2025-03-04 13:52:51.2752 | INFO | Request starting HTTP/2 GET https://localhost:7084/HelloGreeting - - | 
2025-03-04 13:52:51.2885 | INFO | Executing endpoint 'HelloGreetingApplication.Controllers.HelloGreetingController.Get (HelloGreetingApplication)' | 
2025-03-04 13:52:51.2885 | INFO | Route matched with {action = "Get", controller = "HelloGreeting"}. Executing controller action with signature Microsoft.AspNetCore.Mvc.IActionResult Get() on controller HelloGreetingApplication.Controllers.HelloGreetingController (HelloGreetingApplication). | 
2025-03-04 13:52:51.2885 | INFO | GET request received to fetch all records. | 
2025-03-04 13:52:51.2885 | INFO | Executing OkObjectResult, writing value of type 'ModelLayer.Model.ResponseModel`1[[System.Collections.Generic.Dictionary`2[[System.Int32, System.Private.CoreLib, Version=6.0.0.0, Culture=neutral, PublicKeyToken=7cec85d7bea7798e],[ModelLayer.Model.RequestModel, ModelLayer, Version=1.0.0.0, Culture=neutral, PublicKeyToken=null]], System.Private.CoreLib, Version=6.0.0.0, Culture=neutral, PublicKeyToken=7cec85d7bea7798e]]'. | 
2025-03-04 13:52:51.2885 | INFO | Executed action HelloGreetingApplication.Controllers.HelloGreetingController.Get (HelloGreetingApplication) in 8.6486ms | 
2025-03-04 13:52:51.2885 | INFO | Executed endpoint 'HelloGreetingApplication.Controllers.HelloGreetingController.Get (HelloGreetingApplication)' | 
2025-03-04 13:52:51.2885 | INFO | Request finished HTTP/2 GET https://localhost:7084/HelloGreeting - - - 200 - application/json;+charset=utf-8 28.1915ms | 
2025-03-04 13:53:13.2634 | INFO | Request starting HTTP/2 DELETE https://localhost:7084/HelloGreeting/2 - - | 
2025-03-04 13:53:13.2777 | INFO | Executing endpoint 'HelloGreetingApplication.Controllers.HelloGreetingController.Delete (HelloGreetingApplication)' | 
2025-03-04 13:53:13.2777 | INFO | Route matched with {action = "Delete", controller = "HelloGreeting"}. Executing controller action with signature Microsoft.AspNetCore.Mvc.IActionResult Delete(Int32) on controller HelloGreetingApplication.Controllers.HelloGreetingController (HelloGreetingApplication). | 
2025-03-04 13:53:13.2899 | INFO | Record deleted: ID=2 | 
2025-03-04 13:53:13.2899 | INFO | Executing OkObjectResult, writing value of type 'ModelLayer.Model.ResponseModel`1[[System.String, System.Private.CoreLib, Version=6.0.0.0, Culture=neutral, PublicKeyToken=7cec85d7bea7798e]]'. | 
2025-03-04 13:53:13.2899 | INFO | Executed action HelloGreetingApplication.Controllers.HelloGreetingController.Delete (HelloGreetingApplication) in 9.9268ms | 
2025-03-04 13:53:13.2899 | INFO | Executed endpoint 'HelloGreetingApplication.Controllers.HelloGreetingController.Delete (HelloGreetingApplication)' | 
2025-03-04 13:53:13.2899 | INFO | Request finished HTTP/2 DELETE https://localhost:7084/HelloGreeting/2 - - - 200 - application/json;+charset=utf-8 28.0938ms | 
2025-03-04 13:53:27.4632 | INFO | Request starting HTTP/2 GET https://localhost:7084/HelloGreeting - - | 
2025-03-04 13:53:27.4632 | INFO | Executing endpoint 'HelloGreetingApplication.Controllers.HelloGreetingController.Get (HelloGreetingApplication)' | 
2025-03-04 13:53:27.4766 | INFO | Route matched with {action = "Get", controller = "HelloGreeting"}. Executing controller action with signature Microsoft.AspNetCore.Mvc.IActionResult Get() on controller HelloGreetingApplication.Controllers.HelloGreetingController (HelloGreetingApplication). | 
2025-03-04 13:53:27.4766 | INFO | GET request received to fetch all records. | 
2025-03-04 13:53:27.4766 | INFO | Executing OkObjectResult, writing value of type 'ModelLayer.Model.ResponseModel`1[[System.Collections.Generic.Dictionary`2[[System.Int32, System.Private.CoreLib, Version=6.0.0.0, Culture=neutral, PublicKeyToken=7cec85d7bea7798e],[ModelLayer.Model.RequestModel, ModelLayer, Version=1.0.0.0, Culture=neutral, PublicKeyToken=null]], System.Private.CoreLib, Version=6.0.0.0, Culture=neutral, PublicKeyToken=7cec85d7bea7798e]]'. | 
2025-03-04 13:53:27.4766 | INFO | Executed action HelloGreetingApplication.Controllers.HelloGreetingController.Get (HelloGreetingApplication) in 1.5788ms | 
2025-03-04 13:53:27.4766 | INFO | Executed endpoint 'HelloGreetingApplication.Controllers.HelloGreetingController.Get (HelloGreetingApplication)' | 
2025-03-04 13:53:27.4766 | INFO | Request finished HTTP/2 GET https://localhost:7084/HelloGreeting - - - 200 - application/json;+charset=utf-8 7.7589ms | 
2025-03-04 13:53:43.6586 | INFO | Request starting HTTP/2 POST https://localhost:7084/HelloGreeting application/json 42 | 
2025-03-04 13:53:43.6699 | INFO | Executing endpoint 'HelloGreetingApplication.Controllers.HelloGreetingController.Post (HelloGreetingApplication)' | 
2025-03-04 13:53:43.6699 | INFO | Route matched with {action = "Post", controller = "HelloGreeting"}. Executing controller action with signature Microsoft.AspNetCore.Mvc.IActionResult Post(ModelLayer.Model.RequestModel) on controller HelloGreetingApplication.Controllers.HelloGreetingController (HelloGreetingApplication). | 
2025-03-04 13:53:43.6699 | INFO | New record added: ID=5, Key=string, Value=string | 
2025-03-04 13:53:43.6699 | INFO | Executing CreatedResult, writing value of type 'ModelLayer.Model.ResponseModel`1[[System.String, System.Private.CoreLib, Version=6.0.0.0, Culture=neutral, PublicKeyToken=7cec85d7bea7798e]]'. | 
2025-03-04 13:53:43.6699 | INFO | Executed action HelloGreetingApplication.Controllers.HelloGreetingController.Post (HelloGreetingApplication) in 4.1305ms | 
2025-03-04 13:53:43.6699 | INFO | Executed endpoint 'HelloGreetingApplication.Controllers.HelloGreetingController.Post (HelloGreetingApplication)' | 
2025-03-04 13:53:43.6699 | INFO | Request finished HTTP/2 POST https://localhost:7084/HelloGreeting application/json 42 - 201 - application/json;+charset=utf-8 15.8523ms | 
2025-03-04 13:54:28.9307 | INFO | Request starting HTTP/2 PATCH https://localhost:7084/HelloGreeting/2 application/json 27 | 
2025-03-04 13:54:28.9463 | INFO | Executing endpoint 'HelloGreetingApplication.Controllers.HelloGreetingController.Patch (HelloGreetingApplication)' | 
2025-03-04 13:54:28.9463 | INFO | Route matched with {action = "Patch", controller = "HelloGreeting"}. Executing controller action with signature Microsoft.AspNetCore.Mvc.IActionResult Patch(Int32, ModelLayer.Model.RequestModel) on controller HelloGreetingApplication.Controllers.HelloGreetingController (HelloGreetingApplication). | 
2025-03-04 13:54:28.9463 | WARN | PATCH request failed. Record with ID=2 not found. | 
2025-03-04 13:54:28.9463 | INFO | Executing NotFoundObjectResult, writing value of type '<>f__AnonymousType1`1[[System.String, System.Private.CoreLib, Version=6.0.0.0, Culture=neutral, PublicKeyToken=7cec85d7bea7798e]]'. | 
2025-03-04 13:54:28.9611 | INFO | Executed action HelloGreetingApplication.Controllers.HelloGreetingController.Patch (HelloGreetingApplication) in 7.7447ms | 
2025-03-04 13:54:28.9611 | INFO | Executed endpoint 'HelloGreetingApplication.Controllers.HelloGreetingController.Patch (HelloGreetingApplication)' | 
2025-03-04 13:54:28.9611 | INFO | Request finished HTTP/2 PATCH https://localhost:7084/HelloGreeting/2 application/json 27 - 404 - application/json;+charset=utf-8 24.2646ms | 
2025-03-04 13:54:46.7777 | INFO | Request starting HTTP/2 PATCH https://localhost:7084/HelloGreeting/2 application/json 26 | 
2025-03-04 13:54:46.7777 | INFO | Executing endpoint 'HelloGreetingApplication.Controllers.HelloGreetingController.Patch (HelloGreetingApplication)' | 
2025-03-04 13:54:46.7777 | INFO | Route matched with {action = "Patch", controller = "HelloGreeting"}. Executing controller action with signature Microsoft.AspNetCore.Mvc.IActionResult Patch(Int32, ModelLayer.Model.RequestModel) on controller HelloGreetingApplication.Controllers.HelloGreetingController (HelloGreetingApplication). | 
2025-03-04 13:54:46.7885 | WARN | PATCH request failed. Record with ID=2 not found. | 
2025-03-04 13:54:46.7885 | INFO | Executing NotFoundObjectResult, writing value of type '<>f__AnonymousType1`1[[System.String, System.Private.CoreLib, Version=6.0.0.0, Culture=neutral, PublicKeyToken=7cec85d7bea7798e]]'. | 
2025-03-04 13:54:46.7885 | INFO | Executed action HelloGreetingApplication.Controllers.HelloGreetingController.Patch (HelloGreetingApplication) in 3.6682ms | 
2025-03-04 13:54:46.7885 | INFO | Executed endpoint 'HelloGreetingApplication.Controllers.HelloGreetingController.Patch (HelloGreetingApplication)' | 
2025-03-04 13:54:46.7885 | INFO | Request finished HTTP/2 PATCH https://localhost:7084/HelloGreeting/2 application/json 26 - 404 - application/json;+charset=utf-8 14.0838ms | 
2025-03-04 13:55:18.4972 | INFO | Request starting HTTP/2 PATCH https://localhost:7084/HelloGreeting/3 application/json 30 | 
2025-03-04 13:55:18.5077 | INFO | Executing endpoint 'HelloGreetingApplication.Controllers.HelloGreetingController.Patch (HelloGreetingApplication)' | 
2025-03-04 13:55:18.5077 | INFO | Route matched with {action = "Patch", controller = "HelloGreeting"}. Executing controller action with signature Microsoft.AspNetCore.Mvc.IActionResult Patch(Int32, ModelLayer.Model.RequestModel) on controller HelloGreetingApplication.Controllers.HelloGreetingController (HelloGreetingApplication). | 
2025-03-04 13:55:18.5077 | INFO | Record patched: ID=3, Key=Welcome, Value=new string | 
2025-03-04 13:55:18.5077 | INFO | Executing OkObjectResult, writing value of type 'ModelLayer.Model.ResponseModel`1[[System.String, System.Private.CoreLib, Version=6.0.0.0, Culture=neutral, PublicKeyToken=7cec85d7bea7798e]]'. | 
2025-03-04 13:55:18.5077 | INFO | Executed action HelloGreetingApplication.Controllers.HelloGreetingController.Patch (HelloGreetingApplication) in 3.3467ms | 
2025-03-04 13:55:18.5077 | INFO | Executed endpoint 'HelloGreetingApplication.Controllers.HelloGreetingController.Patch (HelloGreetingApplication)' | 
2025-03-04 13:55:18.5077 | INFO | Request finished HTTP/2 PATCH https://localhost:7084/HelloGreeting/3 application/json 30 - 200 - application/json;+charset=utf-8 15.0599ms | 
2025-03-04 13:55:42.2901 | INFO | Request starting HTTP/2 PUT https://localhost:7084/HelloGreeting/3 application/json 27 | 
2025-03-04 13:55:42.2901 | INFO | Executing endpoint 'HelloGreetingApplication.Controllers.HelloGreetingController.Put (HelloGreetingApplication)' | 
2025-03-04 13:55:42.2901 | INFO | Route matched with {action = "Put", controller = "HelloGreeting"}. Executing controller action with signature Microsoft.AspNetCore.Mvc.IActionResult Put(Int32, ModelLayer.Model.RequestModel) on controller HelloGreetingApplication.Controllers.HelloGreetingController (HelloGreetingApplication). | 
2025-03-04 13:55:42.2901 | INFO | Record updated: ID=3, Key=, Value=string5 | 
2025-03-04 13:55:42.3068 | INFO | Executing OkObjectResult, writing value of type 'ModelLayer.Model.ResponseModel`1[[System.String, System.Private.CoreLib, Version=6.0.0.0, Culture=neutral, PublicKeyToken=7cec85d7bea7798e]]'. | 
2025-03-04 13:55:42.3068 | INFO | Executed action HelloGreetingApplication.Controllers.HelloGreetingController.Put (HelloGreetingApplication) in 12.9095ms | 
2025-03-04 13:55:42.3068 | INFO | Executed endpoint 'HelloGreetingApplication.Controllers.HelloGreetingController.Put (HelloGreetingApplication)' | 
2025-03-04 13:55:42.3068 | INFO | Request finished HTTP/2 PUT https://localhost:7084/HelloGreeting/3 application/json 27 - 200 - application/json;+charset=utf-8 18.5680ms | 
2025-03-04 13:56:01.9050 | INFO | Request starting HTTP/2 GET https://localhost:7084/HelloGreeting - - | 
2025-03-04 13:56:01.9159 | INFO | Executing endpoint 'HelloGreetingApplication.Controllers.HelloGreetingController.Get (HelloGreetingApplication)' | 
2025-03-04 13:56:01.9159 | INFO | Route matched with {action = "Get", controller = "HelloGreeting"}. Executing controller action with signature Microsoft.AspNetCore.Mvc.IActionResult Get() on controller HelloGreetingApplication.Controllers.HelloGreetingController (HelloGreetingApplication). | 
2025-03-04 13:56:01.9159 | INFO | GET request received to fetch all records. | 
2025-03-04 13:56:01.9159 | INFO | Executing OkObjectResult, writing value of type 'ModelLayer.Model.ResponseModel`1[[System.Collections.Generic.Dictionary`2[[System.Int32, System.Private.CoreLib, Version=6.0.0.0, Culture=neutral, PublicKeyToken=7cec85d7bea7798e],[ModelLayer.Model.RequestModel, ModelLayer, Version=1.0.0.0, Culture=neutral, PublicKeyToken=null]], System.Private.CoreLib, Version=6.0.0.0, Culture=neutral, PublicKeyToken=7cec85d7bea7798e]]'. | 
2025-03-04 13:56:01.9304 | INFO | Executed action HelloGreetingApplication.Controllers.HelloGreetingController.Get (HelloGreetingApplication) in 11.8571ms | 
2025-03-04 13:56:01.9304 | INFO | Executed endpoint 'HelloGreetingApplication.Controllers.HelloGreetingController.Get (HelloGreetingApplication)' | 
2025-03-04 13:56:01.9304 | INFO | Request finished HTTP/2 GET https://localhost:7084/HelloGreeting - - - 200 - application/json;+charset=utf-8 25.9636ms | 
2025-03-04 15:32:37.5538 | INFO | Application is starting... | 
2025-03-04 15:32:37.7780 | ERROR | Application encountered a critical error and is shutting down. | Microsoft.Extensions.Hosting.HostFactoryResolver+HostingListener+StopTheHostException: Exception of type 'Microsoft.Extensions.Hosting.HostFactoryResolver+HostingListener+StopTheHostException' was thrown.
   at Microsoft.Extensions.Hosting.HostFactoryResolver.HostingListener.OnNext(KeyValuePair`2 value)
   at System.Diagnostics.DiagnosticListener.Write(String name, Object value)
   at Microsoft.Extensions.Hosting.HostBuilder.Build()
   at Microsoft.AspNetCore.Builder.WebApplicationBuilder.Build()
   at Program.<Main>$(String[] args) in C:\Users\astha\source\repos\HelloGreetingApplication\HelloGreetingApplication\Program.cs:line 30
2025-03-04 15:33:04.3244 | INFO | Application is starting... | 
2025-03-04 15:33:04.4684 | ERROR | Application encountered a critical error and is shutting down. | Microsoft.Extensions.Hosting.HostFactoryResolver+HostingListener+StopTheHostException: Exception of type 'Microsoft.Extensions.Hosting.HostFactoryResolver+HostingListener+StopTheHostException' was thrown.
   at Microsoft.Extensions.Hosting.HostFactoryResolver.HostingListener.OnNext(KeyValuePair`2 value)
   at System.Diagnostics.DiagnosticListener.Write(String name, Object value)
   at Microsoft.Extensions.Hosting.HostBuilder.Build()
   at Microsoft.AspNetCore.Builder.WebApplicationBuilder.Build()
   at Program.<Main>$(String[] args) in C:\Users\astha\source\repos\HelloGreetingApplication\HelloGreetingApplication\Program.cs:line 30
2025-03-04 15:33:58.0328 | INFO | Application is starting... | 
2025-03-04 15:33:58.1469 | ERROR | Application encountered a critical error and is shutting down. | Microsoft.Extensions.Hosting.HostFactoryResolver+HostingListener+StopTheHostException: Exception of type 'Microsoft.Extensions.Hosting.HostFactoryResolver+HostingListener+StopTheHostException' was thrown.
   at Microsoft.Extensions.Hosting.HostFactoryResolver.HostingListener.OnNext(KeyValuePair`2 value)
   at System.Diagnostics.DiagnosticListener.Write(String name, Object value)
   at Microsoft.Extensions.Hosting.HostBuilder.Build()
   at Microsoft.AspNetCore.Builder.WebApplicationBuilder.Build()
   at Program.<Main>$(String[] args) in C:\Users\astha\source\repos\HelloGreetingApplication\HelloGreetingApplication\Program.cs:line 30
2025-03-04 15:34:25.5883 | INFO | Application is starting... | 
2025-03-04 15:34:25.7167 | ERROR | Application encountered a critical error and is shutting down. | Microsoft.Extensions.Hosting.HostFactoryResolver+HostingListener+StopTheHostException: Exception of type 'Microsoft.Extensions.Hosting.HostFactoryResolver+HostingListener+StopTheHostException' was thrown.
   at Microsoft.Extensions.Hosting.HostFactoryResolver.HostingListener.OnNext(KeyValuePair`2 value)
   at System.Diagnostics.DiagnosticListener.Write(String name, Object value)
   at Microsoft.Extensions.Hosting.HostBuilder.Build()
   at Microsoft.AspNetCore.Builder.WebApplicationBuilder.Build()
   at Program.<Main>$(String[] args) in C:\Users\astha\source\repos\HelloGreetingApplication\HelloGreetingApplication\Program.cs:line 30
2025-03-04 15:34:42.4509 | INFO | Application is starting... | 
2025-03-04 15:34:42.5923 | ERROR | Application encountered a critical error and is shutting down. | Microsoft.Extensions.Hosting.HostFactoryResolver+HostingListener+StopTheHostException: Exception of type 'Microsoft.Extensions.Hosting.HostFactoryResolver+HostingListener+StopTheHostException' was thrown.
   at Microsoft.Extensions.Hosting.HostFactoryResolver.HostingListener.OnNext(KeyValuePair`2 value)
   at System.Diagnostics.DiagnosticListener.Write(String name, Object value)
   at Microsoft.Extensions.Hosting.HostBuilder.Build()
   at Microsoft.AspNetCore.Builder.WebApplicationBuilder.Build()
   at Program.<Main>$(String[] args) in C:\Users\astha\source\repos\HelloGreetingApplication\HelloGreetingApplication\Program.cs:line 30
2025-03-04 15:35:09.6016 | INFO | Application is starting... | 
2025-03-04 15:35:09.8062 | ERROR | Application encountered a critical error and is shutting down. | Microsoft.Extensions.Hosting.HostFactoryResolver+HostingListener+StopTheHostException: Exception of type 'Microsoft.Extensions.Hosting.HostFactoryResolver+HostingListener+StopTheHostException' was thrown.
   at Microsoft.Extensions.Hosting.HostFactoryResolver.HostingListener.OnNext(KeyValuePair`2 value)
   at System.Diagnostics.DiagnosticListener.Write(String name, Object value)
   at Microsoft.Extensions.Hosting.HostBuilder.Build()
   at Microsoft.AspNetCore.Builder.WebApplicationBuilder.Build()
   at Program.<Main>$(String[] args) in C:\Users\astha\source\repos\HelloGreetingApplication\HelloGreetingApplication\Program.cs:line 30
2025-03-04 15:37:00.7751 | INFO | Application is starting... | 
2025-03-04 15:37:00.9715 | ERROR | Application encountered a critical error and is shutting down. | Microsoft.Extensions.Hosting.HostFactoryResolver+HostingListener+StopTheHostException: Exception of type 'Microsoft.Extensions.Hosting.HostFactoryResolver+HostingListener+StopTheHostException' was thrown.
   at Microsoft.Extensions.Hosting.HostFactoryResolver.HostingListener.OnNext(KeyValuePair`2 value)
   at System.Diagnostics.DiagnosticListener.Write(String name, Object value)
   at Microsoft.Extensions.Hosting.HostBuilder.Build()
   at Microsoft.AspNetCore.Builder.WebApplicationBuilder.Build()
   at Program.<Main>$(String[] args) in C:\Users\astha\source\repos\HelloGreetingApplication\HelloGreetingApplication\Program.cs:line 30
2025-03-04 15:37:39.4411 | INFO | Application is starting... | 
2025-03-04 15:37:39.6286 | ERROR | Application encountered a critical error and is shutting down. | Microsoft.Extensions.Hosting.HostFactoryResolver+HostingListener+StopTheHostException: Exception of type 'Microsoft.Extensions.Hosting.HostFactoryResolver+HostingListener+StopTheHostException' was thrown.
   at Microsoft.Extensions.Hosting.HostFactoryResolver.HostingListener.OnNext(KeyValuePair`2 value)
   at System.Diagnostics.DiagnosticListener.Write(String name, Object value)
   at Microsoft.Extensions.Hosting.HostBuilder.Build()
   at Microsoft.AspNetCore.Builder.WebApplicationBuilder.Build()
   at Program.<Main>$(String[] args) in C:\Users\astha\source\repos\HelloGreetingApplication\HelloGreetingApplication\Program.cs:line 30
2025-03-04 15:48:02.3631 | INFO | Application is starting... | 
2025-03-04 15:48:02.5571 | ERROR | Application encountered a critical error and is shutting down. | Microsoft.Extensions.Hosting.HostFactoryResolver+HostingListener+StopTheHostException: Exception of type 'Microsoft.Extensions.Hosting.HostFactoryResolver+HostingListener+StopTheHostException' was thrown.
   at Microsoft.Extensions.Hosting.HostFactoryResolver.HostingListener.OnNext(KeyValuePair`2 value)
   at System.Diagnostics.DiagnosticListener.Write(String name, Object value)
   at Microsoft.Extensions.Hosting.HostBuilder.Build()
   at Microsoft.AspNetCore.Builder.WebApplicationBuilder.Build()
   at Program.<Main>$(String[] args) in C:\Users\astha\source\repos\HelloGreetingApplication\HelloGreetingApplication\Program.cs:line 30
2025-03-04 15:55:09.1706 | INFO | Application is starting... | 
2025-03-04 15:55:09.3626 | ERROR | Application encountered a critical error and is shutting down. | Microsoft.Extensions.Hosting.HostFactoryResolver+HostingListener+StopTheHostException: Exception of type 'Microsoft.Extensions.Hosting.HostFactoryResolver+HostingListener+StopTheHostException' was thrown.
   at Microsoft.Extensions.Hosting.HostFactoryResolver.HostingListener.OnNext(KeyValuePair`2 value)
   at System.Diagnostics.DiagnosticListener.Write(String name, Object value)
   at Microsoft.Extensions.Hosting.HostBuilder.Build()
   at Microsoft.AspNetCore.Builder.WebApplicationBuilder.Build()
   at Program.<Main>$(String[] args) in C:\Users\astha\source\repos\HelloGreetingApplication\HelloGreetingApplication\Program.cs:line 30
2025-03-04 16:16:21.3381 | INFO | Now listening on: https://localhost:7084 | 
2025-03-04 16:16:21.3682 | INFO | Now listening on: http://localhost:5110 | 
2025-03-04 16:16:21.4562 | INFO | Application started. Press Ctrl+C to shut down. | 
2025-03-04 16:16:21.4562 | INFO | Hosting environment: Development | 
2025-03-04 16:16:21.4562 | INFO | Content root path: C:\Users\astha\source\repos\HelloGreetingApplication\HelloGreetingApplication\ | 
2025-03-04 16:16:23.4954 | INFO | Request starting HTTP/2 GET https://localhost:7084/Swagger/index.html - - | 
2025-03-04 16:16:24.4719 | INFO | Request finished HTTP/2 GET https://localhost:7084/Swagger/index.html - - - 200 - text/html;charset=utf-8 978.2564ms | 
2025-03-04 16:16:24.5876 | INFO | Request starting HTTP/2 GET https://localhost:7084/_framework/aspnetcore-browser-refresh.js - - | 
2025-03-04 16:16:24.5876 | INFO | Request starting HTTP/2 GET https://localhost:7084/Swagger/index.js - - | 
2025-03-04 16:16:24.5876 | INFO | Request starting HTTP/2 GET https://localhost:7084/_vs/browserLink - - | 
2025-03-04 16:16:24.6042 | INFO | Request finished HTTP/2 GET https://localhost:7084/Swagger/index.js - - - 200 - application/javascript;charset=utf-8 12.9524ms | 
2025-03-04 16:16:24.6042 | INFO | Request finished HTTP/2 GET https://localhost:7084/_framework/aspnetcore-browser-refresh.js - - - 200 12380 application/javascript;+charset=utf-8 19.2377ms | 
2025-03-04 16:16:24.8065 | INFO | Request finished HTTP/2 GET https://localhost:7084/_vs/browserLink - - - 200 - text/javascript;+charset=UTF-8 207.4536ms | 
2025-03-04 16:16:24.9716 | INFO | Request starting HTTP/2 GET https://localhost:7084/Swagger/v1/swagger.json - - | 
2025-03-04 16:16:24.9871 | INFO | Request finished HTTP/2 GET https://localhost:7084/Swagger/v1/swagger.json - - - 200 - application/json;charset=utf-8 15.4151ms | 
2025-03-04 16:16:45.5707 | INFO | Request starting HTTP/2 GET https://localhost:7084/HelloGreeting/greet - - | 
2025-03-04 16:16:45.6037 | INFO | Executing endpoint 'HelloGreetingApplication.Controllers.HelloGreetingController.GetGreeting (HelloGreetingApplication)' | 
2025-03-04 16:16:45.6402 | INFO | Route matched with {action = "GetGreeting", controller = "HelloGreeting"}. Executing controller action with signature Microsoft.AspNetCore.Mvc.IActionResult GetGreeting(System.String, System.String) on controller HelloGreetingApplication.Controllers.HelloGreetingController (HelloGreetingApplication). | 
2025-03-04 16:16:45.6809 | INFO | Executing OkObjectResult, writing value of type '<>f__AnonymousType0`3[[System.Boolean, System.Private.CoreLib, Version=6.0.0.0, Culture=neutral, PublicKeyToken=7cec85d7bea7798e],[System.String, System.Private.CoreLib, Version=6.0.0.0, Culture=neutral, PublicKeyToken=7cec85d7bea7798e],[System.String, System.Private.CoreLib, Version=6.0.0.0, Culture=neutral, PublicKeyToken=7cec85d7bea7798e]]'. | 
2025-03-04 16:16:45.6949 | INFO | Executed action HelloGreetingApplication.Controllers.HelloGreetingController.GetGreeting (HelloGreetingApplication) in 47.4438ms | 
2025-03-04 16:16:45.6949 | INFO | Executed endpoint 'HelloGreetingApplication.Controllers.HelloGreetingController.GetGreeting (HelloGreetingApplication)' | 
2025-03-04 16:16:45.6949 | INFO | Request finished HTTP/2 GET https://localhost:7084/HelloGreeting/greet - - - 200 - application/json;+charset=utf-8 124.8583ms | 
2025-03-04 16:16:59.7147 | INFO | Request starting HTTP/2 GET https://localhost:7084/HelloGreeting/greeting - - | 
2025-03-04 16:16:59.7147 | INFO | Executing endpoint 'HelloGreetingApplication.Controllers.HelloGreetingController.GetGreeting (HelloGreetingApplication)' | 
2025-03-04 16:16:59.7147 | INFO | Route matched with {action = "GetGreeting", controller = "HelloGreeting"}. Executing controller action with signature Microsoft.AspNetCore.Mvc.IActionResult GetGreeting() on controller HelloGreetingApplication.Controllers.HelloGreetingController (HelloGreetingApplication). | 
2025-03-04 16:16:59.7147 | INFO | Fetching greeting message. | 
2025-03-04 16:16:59.7271 | INFO | Executing OkObjectResult, writing value of type 'ModelLayer.Model.ResponseModel`1[[System.String, System.Private.CoreLib, Version=6.0.0.0, Culture=neutral, PublicKeyToken=7cec85d7bea7798e]]'. | 
2025-03-04 16:16:59.7271 | INFO | Executed action HelloGreetingApplication.Controllers.HelloGreetingController.GetGreeting (HelloGreetingApplication) in 4.474ms | 
2025-03-04 16:16:59.7271 | INFO | Executed endpoint 'HelloGreetingApplication.Controllers.HelloGreetingController.GetGreeting (HelloGreetingApplication)' | 
2025-03-04 16:16:59.7271 | INFO | Request finished HTTP/2 GET https://localhost:7084/HelloGreeting/greeting - - - 200 - application/json;+charset=utf-8 13.8655ms | 
2025-03-04 17:06:01.3091 | INFO | Application is starting... | 
2025-03-04 17:06:02.8122 | ERROR | Application encountered a critical error and is shutting down. | System.InvalidOperationException: Error while validating the service descriptor 'ServiceType: BusinessLayer.Interface.IGreetingBL Lifetime: Scoped ImplementationType: BusinessLayer.Service.GreetingBL': Unable to resolve service for type 'RepositoryLayer.Interface.IGreetingRL' while attempting to activate 'BusinessLayer.Service.GreetingBL'.
 ---> System.InvalidOperationException: Unable to resolve service for type 'RepositoryLayer.Interface.IGreetingRL' while attempting to activate 'BusinessLayer.Service.GreetingBL'.
   at Microsoft.Extensions.DependencyInjection.ServiceLookup.CallSiteFactory.CreateArgumentCallSites(Type implementationType, CallSiteChain callSiteChain, ParameterInfo[] parameters, Boolean throwIfCallSiteNotFound)
   at Microsoft.Extensions.DependencyInjection.ServiceLookup.CallSiteFactory.CreateConstructorCallSite(ResultCache lifetime, Type serviceType, Type implementationType, CallSiteChain callSiteChain)
   at Microsoft.Extensions.DependencyInjection.ServiceLookup.CallSiteFactory.TryCreateExact(ServiceDescriptor descriptor, Type serviceType, CallSiteChain callSiteChain, Int32 slot)
   at Microsoft.Extensions.DependencyInjection.ServiceLookup.CallSiteFactory.GetCallSite(ServiceDescriptor serviceDescriptor, CallSiteChain callSiteChain)
   at Microsoft.Extensions.DependencyInjection.ServiceProvider.ValidateService(ServiceDescriptor descriptor)
   --- End of inner exception stack trace ---
   at Microsoft.Extensions.DependencyInjection.ServiceProvider.ValidateService(ServiceDescriptor descriptor)
   at Microsoft.Extensions.DependencyInjection.ServiceProvider..ctor(ICollection`1 serviceDescriptors, ServiceProviderOptions options)
2025-03-04 17:16:45.8922 | INFO | Application is starting... | 
2025-03-04 17:16:47.3656 | ERROR | Application encountered a critical error and is shutting down. | System.InvalidOperationException: Error while validating the service descriptor 'ServiceType: BusinessLayer.Interface.IGreetingBL Lifetime: Scoped ImplementationType: BusinessLayer.Service.GreetingBL': Unable to resolve service for type 'RepositoryLayer.Interface.IGreetingRL' while attempting to activate 'BusinessLayer.Service.GreetingBL'.
 ---> System.InvalidOperationException: Unable to resolve service for type 'RepositoryLayer.Interface.IGreetingRL' while attempting to activate 'BusinessLayer.Service.GreetingBL'.
   at Microsoft.Extensions.DependencyInjection.ServiceLookup.CallSiteFactory.CreateArgumentCallSites(Type implementationType, CallSiteChain callSiteChain, ParameterInfo[] parameters, Boolean throwIfCallSiteNotFound)
   at Microsoft.Extensions.DependencyInjection.ServiceLookup.CallSiteFactory.CreateConstructorCallSite(ResultCache lifetime, Type serviceType, Type implementationType, CallSiteChain callSiteChain)
   at Microsoft.Extensions.DependencyInjection.ServiceLookup.CallSiteFactory.TryCreateExact(ServiceDescriptor descriptor, Type serviceType, CallSiteChain callSiteChain, Int32 slot)
   at Microsoft.Extensions.DependencyInjection.ServiceLookup.CallSiteFactory.GetCallSite(ServiceDescriptor serviceDescriptor, CallSiteChain callSiteChain)
   at Microsoft.Extensions.DependencyInjection.ServiceProvider.ValidateService(ServiceDescriptor descriptor)
   --- End of inner exception stack trace ---
   at Microsoft.Extensions.DependencyInjection.ServiceProvider.ValidateService(ServiceDescriptor descriptor)
   at Microsoft.Extensions.DependencyInjection.ServiceProvider..ctor(ICollection`1 serviceDescriptors, ServiceProviderOptions options)
2025-03-04 20:03:53.7705 | INFO | Application is starting... | 
2025-03-04 20:03:55.3425 | ERROR | Application encountered a critical error and is shutting down. | System.InvalidOperationException: Error while validating the service descriptor 'ServiceType: BusinessLayer.Interface.IGreetingBL Lifetime: Scoped ImplementationType: BusinessLayer.Service.GreetingBL': Unable to resolve service for type 'RepositoryLayer.Interface.IGreetingRL' while attempting to activate 'BusinessLayer.Service.GreetingBL'.
 ---> System.InvalidOperationException: Unable to resolve service for type 'RepositoryLayer.Interface.IGreetingRL' while attempting to activate 'BusinessLayer.Service.GreetingBL'.
   at Microsoft.Extensions.DependencyInjection.ServiceLookup.CallSiteFactory.CreateArgumentCallSites(Type implementationType, CallSiteChain callSiteChain, ParameterInfo[] parameters, Boolean throwIfCallSiteNotFound)
   at Microsoft.Extensions.DependencyInjection.ServiceLookup.CallSiteFactory.CreateConstructorCallSite(ResultCache lifetime, Type serviceType, Type implementationType, CallSiteChain callSiteChain)
   at Microsoft.Extensions.DependencyInjection.ServiceLookup.CallSiteFactory.TryCreateExact(ServiceDescriptor descriptor, Type serviceType, CallSiteChain callSiteChain, Int32 slot)
   at Microsoft.Extensions.DependencyInjection.ServiceLookup.CallSiteFactory.GetCallSite(ServiceDescriptor serviceDescriptor, CallSiteChain callSiteChain)
   at Microsoft.Extensions.DependencyInjection.ServiceProvider.ValidateService(ServiceDescriptor descriptor)
   --- End of inner exception stack trace ---
   at Microsoft.Extensions.DependencyInjection.ServiceProvider.ValidateService(ServiceDescriptor descriptor)
   at Microsoft.Extensions.DependencyInjection.ServiceProvider..ctor(ICollection`1 serviceDescriptors, ServiceProviderOptions options)
2025-03-04 20:05:40.6587 | INFO | Application is starting... | 
2025-03-04 20:05:41.3933 | INFO | Now listening on: https://localhost:7084 | 
2025-03-04 20:05:41.3933 | INFO | Now listening on: http://localhost:5110 | 
2025-03-04 20:05:41.4422 | INFO | Application started. Press Ctrl+C to shut down. | 
2025-03-04 20:05:41.4422 | INFO | Hosting environment: Development | 
2025-03-04 20:05:41.4422 | INFO | Content root path: C:\Users\astha\source\repos\HelloGreetingApplication\HelloGreetingApplication\ | 
2025-03-04 20:05:42.3909 | INFO | Request starting HTTP/2 GET https://localhost:7084/Swagger/index.html - - | 
2025-03-04 20:05:42.8407 | INFO | Request finished HTTP/2 GET https://localhost:7084/Swagger/index.html - - - 200 - text/html;charset=utf-8 449.2517ms | 
2025-03-04 20:05:43.0157 | INFO | Request starting HTTP/2 GET https://localhost:7084/_framework/aspnetcore-browser-refresh.js - - | 
2025-03-04 20:05:43.0202 | INFO | Request starting HTTP/2 GET https://localhost:7084/Swagger/index.js - - | 
2025-03-04 20:05:43.0202 | INFO | Request starting HTTP/2 GET https://localhost:7084/_vs/browserLink - - | 
2025-03-04 20:05:43.0413 | INFO | Request finished HTTP/2 GET https://localhost:7084/_framework/aspnetcore-browser-refresh.js - - - 200 12380 application/javascript;+charset=utf-8 25.3571ms | 
2025-03-04 20:05:43.1638 | INFO | Request finished HTTP/2 GET https://localhost:7084/Swagger/index.js - - - 200 - application/javascript;charset=utf-8 143.8501ms | 
2025-03-04 20:05:43.2777 | INFO | Request finished HTTP/2 GET https://localhost:7084/_vs/browserLink - - - 200 - text/javascript;+charset=UTF-8 253.1961ms | 
2025-03-04 20:05:43.3611 | INFO | Request starting HTTP/2 GET https://localhost:7084/Swagger/v1/swagger.json - - | 
2025-03-04 20:05:43.3611 | INFO | Request finished HTTP/2 GET https://localhost:7084/Swagger/v1/swagger.json - - - 200 - application/json;charset=utf-8 9.2339ms | 
2025-03-04 20:06:02.9557 | INFO | Request starting HTTP/2 POST https://localhost:7084/HelloGreeting/save application/json 38 | 
2025-03-04 20:06:02.9703 | INFO | Executing endpoint 'HelloGreetingApplication.Controllers.HelloGreetingController.SaveGreeting (HelloGreetingApplication)' | 
2025-03-04 20:06:03.0044 | INFO | Route matched with {action = "SaveGreeting", controller = "HelloGreeting"}. Executing controller action with signature Microsoft.AspNetCore.Mvc.IActionResult SaveGreeting(ModelLayer.Model.GreetingModel) on controller HelloGreetingApplication.Controllers.HelloGreetingController (HelloGreetingApplication). | 
2025-03-04 20:06:03.3049 | INFO | Saving Greeting: Message1 | 
2025-03-04 20:06:03.3049 | INFO | Saving new greeting to the database. | 
2025-03-04 20:06:03.9899 | INFO | Entity Framework Core 6.0.36 initialized 'GreetingDbContext' using provider 'Microsoft.EntityFrameworkCore.SqlServer:6.0.36' with options: None | 
2025-03-04 20:06:04.8771 | INFO | Executed DbCommand (183ms) [Parameters=[@p0='?' (Size = 4000)], CommandType='Text', CommandTimeout='30']
SET NOCOUNT ON;
INSERT INTO [Greetings] ([GreetingMessage])
VALUES (@p0);
SELECT [Id]
FROM [Greetings]
WHERE @@ROWCOUNT = 1 AND [Id] = scope_identity(); | 
2025-03-04 20:06:04.9443 | INFO | Greeting saved successfully. | 
2025-03-04 20:06:04.9703 | INFO | Executing OkObjectResult, writing value of type 'System.String'. | 
2025-03-04 20:06:04.9703 | INFO | Executed action HelloGreetingApplication.Controllers.HelloGreetingController.SaveGreeting (HelloGreetingApplication) in 1964.7311ms | 
2025-03-04 20:06:04.9703 | INFO | Executed endpoint 'HelloGreetingApplication.Controllers.HelloGreetingController.SaveGreeting (HelloGreetingApplication)' | 
2025-03-04 20:06:05.0309 | INFO | Request finished HTTP/2 POST https://localhost:7084/HelloGreeting/save application/json 38 - 200 - text/plain;+charset=utf-8 2075.1533ms | 
